0 info it worked if it ends with ok
1 verbose cli [ '/usr/bin/node',
1 verbose cli   '/usr/bin/npm',
1 verbose cli   'owner',
1 verbose cli   'add',
1 verbose cli   'richard.fisk@gmail.com' ]
2 info using npm@1.4.3
3 info using node@v0.10.26
4 verbose owner add richard.fisk@gmail.com to grunt-phonegap
5 verbose url raw /-/user/org.couchdb.user:richard.fisk@gmail.com
6 verbose url resolving [ 'https://registry.npmjs.org/',
6 verbose url resolving   './-/user/org.couchdb.user:richard.fisk@gmail.com' ]
7 verbose url resolved https://registry.npmjs.org/-/user/org.couchdb.user:richard.fisk@gmail.com
8 info trying registry request attempt 1 at 02:34:25
9 http GET https://registry.npmjs.org/-/user/org.couchdb.user:richard.fisk@gmail.com
10 http 404 https://registry.npmjs.org/-/user/org.couchdb.user:richard.fisk@gmail.com
11 silly registry.get cb [ 404,
11 silly registry.get   { date: 'Wed, 30 Apr 2014 06:34:25 GMT',
11 silly registry.get     server: 'CouchDB/1.5.0 (Erlang OTP/R14B04)',
11 silly registry.get     'content-type': 'application/json',
11 silly registry.get     'accept-ranges': 'bytes',
11 silly registry.get     via: '1.1 varnish',
11 silly registry.get     'cache-control': 'max-age=0',
11 silly registry.get     'content-length': '41',
11 silly registry.get     'x-served-by': 'cache-v44-ASH, cache-jfk1032-JFK',
11 silly registry.get     'x-cache': 'MISS, MISS',
11 silly registry.get     'x-cache-hits': '0, 0',
11 silly registry.get     'x-timer': 'S1398839665.819988966,VS0,VS9,VE103,VE106',
11 silly registry.get     'keep-alive': 'timeout=10, max=50',
11 silly registry.get     connection: 'Keep-Alive' } ]
12 error owner mutate Error getting user data for richard.fisk@gmail.com
13 error Error: not_found missing: -/user/org.couchdb.user:richard.fisk@gmail.com
13 error     at RegClient.<anonymous> (/usr/lib/node_modules/npm/node_modules/npm-registry-client/lib/request.js:237:14)
13 error     at Request.self.callback (/usr/lib/node_modules/npm/node_modules/request/request.js:123:22)
13 error     at Request.EventEmitter.emit (events.js:98:17)
13 error     at Request.<anonymous> (/usr/lib/node_modules/npm/node_modules/request/request.js:893:14)
13 error     at Request.EventEmitter.emit (events.js:117:20)
13 error     at IncomingMessage.<anonymous> (/usr/lib/node_modules/npm/node_modules/request/request.js:844:12)
13 error     at IncomingMessage.EventEmitter.emit (events.js:117:20)
13 error     at _stream_readable.js:920:16
13 error     at process._tickCallback (node.js:415:13)
14 error If you need help, you may report this *entire* log,
14 error including the npm and node versions, at:
14 error     <http://github.com/npm/npm/issues>
15 error System Linux 3.10.34-1-MANJARO
16 error command "/usr/bin/node" "/usr/bin/npm" "owner" "add" "richard.fisk@gmail.com"
17 error cwd /home/ldk/hack/grunt-phonegap
18 error node -v v0.10.26
19 error npm -v 1.4.3
20 verbose exit [ 1, true ]
